[    1606ms] [INFO] %cDownload the React DevTools for a better development experience: https://react.dev/link/react-devtools font-weight:bold @ http://localhost:4200/_next/static/chunks/0sf4_next_dist_00sxk~2._.js:2431
[    1741ms] [LOG] [HMR] connected @ http://localhost:4200/_next/static/chunks/0sf4_next_dist_00sxk~2._.js:2431
[    2005ms] [LOG] [Fast Refresh] rebuilding @ http://localhost:4200/_next/static/chunks/0sf4_next_dist_00sxk~2._.js:2431
[    2027ms] [LOG] [Fast Refresh] done in 122ms @ http://localhost:4200/_next/static/chunks/0sf4_next_dist_00sxk~2._.js:2431
[  203933ms] [LOG] [Fast Refresh] rebuilding @ http://localhost:4200/_next/static/chunks/0sf4_next_dist_00sxk~2._.js:2431
[  204123ms] [LOG] [Fast Refresh] done in 269ms @ http://localhost:4200/_next/static/chunks/0sf4_next_dist_00sxk~2._.js:2431
[  211754ms] [LOG] [Fast Refresh] rebuilding @ http://localhost:4200/_next/static/chunks/0sf4_next_dist_00sxk~2._.js:2431
[  211784ms] [LOG] [Fast Refresh] done in 131ms @ http://localhost:4200/_next/static/chunks/0sf4_next_dist_00sxk~2._.js:2431
[  294284ms] [ERROR] WebSocket connection to 'ws://localhost:4200/_next/webpack-hmr?id=RvchyjIsHudyLPSE29pR7' failed: Error in connection establishment: net::ERR_CONNECTION_REFUSED @ http://localhost:4200/_next/static/chunks/0sf4_next_dist_client_0_b-5rp._.js:13299
[  295286ms] [ERROR] WebSocket connection to 'ws://localhost:4200/_next/webpack-hmr?id=RvchyjIsHudyLPSE29pR7' failed: Error in connection establishment: net::ERR_CONNECTION_REFUSED @ http://localhost:4200/_next/static/chunks/0sf4_next_dist_client_0_b-5rp._.js:13299
[  296288ms] [ERROR] WebSocket connection to 'ws://localhost:4200/_next/webpack-hmr?id=RvchyjIsHudyLPSE29pR7' failed: Error in connection establishment: net::ERR_CONNECTION_REFUSED @ http://localhost:4200/_next/static/chunks/0sf4_next_dist_client_0_b-5rp._.js:13299
[  297291ms] [ERROR] WebSocket connection to 'ws://localhost:4200/_next/webpack-hmr?id=RvchyjIsHudyLPSE29pR7' failed: Error in connection establishment: net::ERR_CONNECTION_REFUSED @ http://localhost:4200/_next/static/chunks/0sf4_next_dist_client_0_b-5rp._.js:13299
[  298302ms] [ERROR] WebSocket connection to 'ws://localhost:4200/_next/webpack-hmr?id=RvchyjIsHudyLPSE29pR7' failed: Error in connection establishment: net::ERR_CONNECTION_REFUSED @ http://localhost:4200/_next/static/chunks/0sf4_next_dist_client_0_b-5rp._.js:13299
[  303313ms] [ERROR] WebSocket connection to 'ws://localhost:4200/_next/webpack-hmr?id=RvchyjIsHudyLPSE29pR7' failed: Error in connection establishment: net::ERR_CONNECTION_REFUSED @ http://localhost:4200/_next/static/chunks/0sf4_next_dist_client_0_b-5rp._.js:13299
[  308326ms] [ERROR] WebSocket connection to 'ws://localhost:4200/_next/webpack-hmr?id=RvchyjIsHudyLPSE29pR7' failed: Error in connection establishment: net::ERR_CONNECTION_REFUSED @ http://localhost:4200/_next/static/chunks/0sf4_next_dist_client_0_b-5rp._.js:13299
[  313342ms] [ERROR] WebSocket connection to 'ws://localhost:4200/_next/webpack-hmr?id=RvchyjIsHudyLPSE29pR7' failed: Error in connection establishment: net::ERR_CONNECTION_REFUSED @ http://localhost:4200/_next/static/chunks/0sf4_next_dist_client_0_b-5rp._.js:13299
[  318380ms] [ERROR] WebSocket connection to 'ws://localhost:4200/_next/webpack-hmr?id=RvchyjIsHudyLPSE29pR7' failed: Error in connection establishment: net::ERR_CONNECTION_REFUSED @ http://localhost:4200/_next/static/chunks/0sf4_next_dist_client_0_b-5rp._.js:13299
[  323439ms] [ERROR] WebSocket connection to 'ws://localhost:4200/_next/webpack-hmr?id=RvchyjIsHudyLPSE29pR7' failed: Error in connection establishment: net::ERR_CONNECTION_REFUSED @ http://localhost:4200/_next/static/chunks/0sf4_next_dist_client_0_b-5rp._.js:13299
[  328593ms] [ERROR] WebSocket connection to 'ws://localhost:4200/_next/webpack-hmr?id=RvchyjIsHudyLPSE29pR7' failed: Error in connection establishment: net::ERR_CONNECTION_REFUSED @ http://localhost:4200/_next/static/chunks/0sf4_next_dist_client_0_b-5rp._.js:13299
[  333886ms] [ERROR] WebSocket connection to 'ws://localhost:4200/_next/webpack-hmr?id=RvchyjIsHudyLPSE29pR7' failed: Error in connection establishment: net::ERR_CONNECTION_REFUSED @ http://localhost:4200/_next/static/chunks/0sf4_next_dist_client_0_b-5rp._.js:13299
